 ======================================================================
     Thermodynamic equilibrium analysis and KMC simulation (TEAKS)     
 ======================================================================
 
 Copyright (C) 2020-2026 Pai Li @ USTC
 
 ======================================================================
 
 Kinetic Monte-Carlo Simulation Parameters
 
 Temperature : 1300.00 K
 Vibration frequency :  0.2709E+14 s^-1
 Mesh type   : Hexagonal
 Mesh size   : 500 x 500
 
 Total step                               : 10000000000
 Step interval for species density print  : 100000000
 Step interval for current status save    : 100000000
 
 Gas type number : 1
  ---------------------------------------------------
  |   Gas   |  Partial  | Adsorption |  Adsorption  | 
  |   Name  |  pressure |    rate    |   product    | 
  ---------------------------------------------------
  |     H2  | 0.100E+02 | 0.3570E+04 |     H +   H  |
  ---------------------------------------------------
 
 Species type number :  1
  ----------------------------------------- 
  | Species |  MFA  | Initial | Diffusion | 
  |  Name   |       | Density |  Barrier  | 
  ----------------------------------------- 
  |      H  |   No  | 0.00000 |   0.150   | 
  ----------------------------------------- 
 
 Merge event number : 1
 ---------------------------------------------------
     H   +     H   ->    H2   with barrier :   0.800
 ---------------------------------------------------
 
 ======================================================================
 
     -------------------------------------------------------------
     istep   ProbSum    GasProb    SpecProb  MSpecProb MMMergeProb
     -------------------------------------------------------------
         0  0.892E+10  0.892E+10  0.000E+00  0.000E+00  0.000E+00
 100000000  0.435E+16  0.892E+10  0.435E+16  0.000E+00  0.000E+00
 200000000  0.362E+16  0.892E+10  0.362E+16  0.000E+00  0.000E+00
 300000000  0.443E+16  0.892E+10  0.443E+16  0.000E+00  0.000E+00
 400000000  0.426E+16  0.892E+10  0.426E+16  0.000E+00  0.000E+00
 500000000  0.379E+16  0.892E+10  0.379E+16  0.000E+00  0.000E+00
 600000000  0.409E+16  0.892E+10  0.409E+16  0.000E+00  0.000E+00
 700000000  0.375E+16  0.892E+10  0.375E+16  0.000E+00  0.000E+00
 800000000  0.354E+16  0.892E+10  0.354E+16  0.000E+00  0.000E+00
 900000000  0.413E+16  0.892E+10  0.413E+16  0.000E+00  0.000E+00
1000000000  0.446E+16  0.892E+10  0.446E+16  0.000E+00  0.000E+00
1100000000  0.405E+16  0.892E+10  0.405E+16  0.000E+00  0.000E+00
1200000000  0.371E+16  0.892E+10  0.371E+16  0.000E+00  0.000E+00
1300000000  0.400E+16  0.892E+10  0.400E+16  0.000E+00  0.000E+00
1400000000  0.460E+16  0.892E+10  0.460E+16  0.000E+00  0.000E+00
1500000000  0.366E+16  0.892E+10  0.366E+16  0.000E+00  0.000E+00
1600000000  0.362E+16  0.892E+10  0.362E+16  0.000E+00  0.000E+00
1700000000  0.422E+16  0.892E+10  0.422E+16  0.000E+00  0.000E+00
1800000000  0.435E+16  0.892E+10  0.435E+16  0.000E+00  0.000E+00
1900000000  0.417E+16  0.892E+10  0.417E+16  0.000E+00  0.000E+00
2000000000  0.460E+16  0.892E+10  0.460E+16  0.000E+00  0.000E+00
2100000000  0.358E+16  0.892E+10  0.358E+16  0.000E+00  0.000E+00
2200000000  0.426E+16  0.892E+10  0.426E+16  0.000E+00  0.000E+00
2300000000  0.379E+16  0.892E+10  0.379E+16  0.000E+00  0.000E+00
2400000000  0.358E+16  0.892E+10  0.358E+16  0.000E+00  0.000E+00
2500000000  0.409E+16  0.892E+10  0.409E+16  0.000E+00  0.000E+00
2600000000  0.426E+16  0.892E+10  0.426E+16  0.000E+00  0.000E+00
2700000000  0.396E+16  0.892E+10  0.396E+16  0.000E+00  0.000E+00
2800000000  0.412E+16  0.892E+10  0.412E+16  0.000E+00  0.000E+00
2900000000  0.443E+16  0.892E+10  0.443E+16  0.000E+00  0.000E+00
3000000000  0.375E+16  0.892E+10  0.375E+16  0.000E+00  0.000E+00
3100000000  0.417E+16  0.892E+10  0.417E+16  0.000E+00  0.000E+00
3200000000  0.413E+16  0.892E+10  0.413E+16  0.000E+00  0.000E+00
3300000000  0.433E+16  0.892E+10  0.433E+16  0.000E+00  0.000E+00
3400000000  0.388E+16  0.892E+10  0.388E+16  0.000E+00  0.000E+00
3500000000  0.400E+16  0.892E+10  0.400E+16  0.000E+00  0.000E+00
3600000000  0.422E+16  0.892E+10  0.422E+16  0.000E+00  0.000E+00
3700000000  0.375E+16  0.892E+10  0.375E+16  0.000E+00  0.000E+00
3800000000  0.399E+16  0.892E+10  0.399E+16  0.000E+00  0.000E+00
3900000000  0.396E+16  0.892E+10  0.396E+16  0.000E+00  0.000E+00
4000000000  0.379E+16  0.892E+10  0.379E+16  0.000E+00  0.000E+00
4100000000  0.417E+16  0.892E+10  0.417E+16  0.000E+00  0.000E+00
4200000000  0.379E+16  0.892E+10  0.379E+16  0.000E+00  0.000E+00
4300000000  0.405E+16  0.892E+10  0.405E+16  0.000E+00  0.000E+00
4400000000  0.413E+16  0.892E+10  0.413E+16  0.000E+00  0.000E+00
4500000000  0.388E+16  0.892E+10  0.388E+16  0.000E+00  0.000E+00
4600000000  0.396E+16  0.892E+10  0.396E+16  0.000E+00  0.000E+00
4700000000  0.383E+16  0.892E+10  0.383E+16  0.000E+00  0.000E+00
4800000000  0.371E+16  0.892E+10  0.371E+16  0.000E+00  0.000E+00
4900000000  0.422E+16  0.892E+10  0.422E+16  0.000E+00  0.000E+00
5000000000  0.417E+16  0.892E+10  0.417E+16  0.000E+00  0.000E+00
5100000000  0.375E+16  0.892E+10  0.375E+16  0.000E+00  0.000E+00
5200000000  0.391E+16  0.892E+10  0.391E+16  0.000E+00  0.000E+00
5300000000  0.358E+16  0.892E+10  0.358E+16  0.000E+00  0.000E+00
5400000000  0.405E+16  0.892E+10  0.405E+16  0.000E+00  0.000E+00
5500000000  0.403E+16  0.892E+10  0.403E+16  0.000E+00  0.000E+00
5600000000  0.369E+16  0.892E+10  0.369E+16  0.000E+00  0.000E+00
5700000000  0.400E+16  0.892E+10  0.400E+16  0.000E+00  0.000E+00
5800000000  0.396E+16  0.892E+10  0.396E+16  0.000E+00  0.000E+00
5900000000  0.386E+16  0.892E+10  0.386E+16  0.000E+00  0.000E+00
6000000000  0.382E+16  0.892E+10  0.382E+16  0.000E+00  0.000E+00
6100000000  0.396E+16  0.892E+10  0.396E+16  0.000E+00  0.000E+00
6200000000  0.425E+16  0.892E+10  0.425E+16  0.000E+00  0.000E+00
6300000000  0.399E+16  0.892E+10  0.399E+16  0.000E+00  0.000E+00
6400000000  0.366E+16  0.892E+10  0.366E+16  0.000E+00  0.000E+00
6500000000  0.392E+16  0.892E+10  0.392E+16  0.000E+00  0.000E+00
6600000000  0.383E+16  0.892E+10  0.383E+16  0.000E+00  0.000E+00
6700000000  0.420E+16  0.892E+10  0.420E+16  0.000E+00  0.000E+00
6800000000  0.422E+16  0.892E+10  0.422E+16  0.000E+00  0.000E+00
6900000000  0.400E+16  0.892E+10  0.400E+16  0.000E+00  0.000E+00
7000000000  0.405E+16  0.892E+10  0.405E+16  0.000E+00  0.000E+00
7100000000  0.430E+16  0.892E+10  0.430E+16  0.000E+00  0.000E+00
7200000000  0.413E+16  0.892E+10  0.413E+16  0.000E+00  0.000E+00
7300000000  0.452E+16  0.892E+10  0.452E+16  0.000E+00  0.000E+00
7400000000  0.452E+16  0.892E+10  0.452E+16  0.000E+00  0.000E+00
7500000000  0.405E+16  0.892E+10  0.405E+16  0.000E+00  0.000E+00
7600000000  0.430E+16  0.892E+10  0.430E+16  0.000E+00  0.000E+00
7700000000  0.426E+16  0.892E+10  0.426E+16  0.000E+00  0.000E+00
7800000000  0.409E+16  0.892E+10  0.409E+16  0.000E+00  0.000E+00
7900000000  0.358E+16  0.892E+10  0.358E+16  0.000E+00  0.000E+00
8000000000  0.420E+16  0.892E+10  0.420E+16  0.000E+00  0.000E+00
8100000000  0.417E+16  0.892E+10  0.417E+16  0.000E+00  0.000E+00
8200000000  0.408E+16  0.892E+10  0.408E+16  0.000E+00  0.000E+00
8300000000  0.361E+16  0.892E+10  0.361E+16  0.000E+00  0.000E+00
8400000000  0.383E+16  0.892E+10  0.383E+16  0.000E+00  0.000E+00
8500000000  0.400E+16  0.892E+10  0.400E+16  0.000E+00  0.000E+00
8600000000  0.400E+16  0.892E+10  0.400E+16  0.000E+00  0.000E+00
8700000000  0.422E+16  0.892E+10  0.422E+16  0.000E+00  0.000E+00
8800000000  0.447E+16  0.892E+10  0.447E+16  0.000E+00  0.000E+00
8900000000  0.409E+16  0.892E+10  0.409E+16  0.000E+00  0.000E+00
9000000000  0.413E+16  0.892E+10  0.413E+16  0.000E+00  0.000E+00
9100000000  0.388E+16  0.892E+10  0.388E+16  0.000E+00  0.000E+00
9200000000  0.396E+16  0.892E+10  0.396E+16  0.000E+00  0.000E+00
9300000000  0.371E+16  0.892E+10  0.371E+16  0.000E+00  0.000E+00
9400000000  0.392E+16  0.892E+10  0.392E+16  0.000E+00  0.000E+00
9500000000  0.358E+16  0.892E+10  0.358E+16  0.000E+00  0.000E+00
9600000000  0.395E+16  0.892E+10  0.395E+16  0.000E+00  0.000E+00
9700000000  0.430E+16  0.892E+10  0.430E+16  0.000E+00  0.000E+00
9800000000  0.396E+16  0.892E+10  0.396E+16  0.000E+00  0.000E+00
9900000000  0.383E+16  0.892E+10  0.383E+16  0.000E+00  0.000E+00
**********  0.433E+16  0.892E+10  0.433E+16  0.000E+00  0.000E+00
**********  0.433E+16  0.892E+10  0.433E+16  0.000E+00  0.000E+00
     -------------------------------------------------------------
 
 ======================================================================
                     Program finished successfully                     
                    Start at:  2020-02-29  00:35:13                    
                    End   at:  2020-02-29  03:00:16                    
 ======================================================================
 
