 ======================================================================
     Thermodynamic equilibrium analysis and KMC simulation (TEAKS)     
 ======================================================================
 
 Copyright (C) 2020-2026 Pai Li @ USTC
 
 ======================================================================
 
 Kinetic Monte-Carlo Simulation Parameters
 
 Temperature : 1300.00 K
 Vibration frequency :  0.2709E+14 s^-1
 Mesh type   : Hexagonal
 Mesh size   : 1000 x 1000
 
 Total step                               : 10000000000
 Step interval for species density print  : 1000000000
 Step interval for current status save    : 1000000000
 
 Gas type number : 2
  ---------------------------------------------------
  |   Gas   |  Partial  | Adsorption |  Adsorption  | 
  |   Name  |  pressure |    rate    |   product    | 
  ---------------------------------------------------
  |     H2  | 0.100E-02 | 0.3570E+04 |     H +   H  |
  |    CH4  | 0.100E+04 | 0.8740E-02 |   CH3 +   H  |
  ---------------------------------------------------
 
 Species type number :  10
  ----------------------------------------- 
  | Species |  MFA  | Initial | Diffusion | 
  |  Name   |       | Density |  Barrier  | 
  ----------------------------------------- 
  |      H  |  Yes  | 0.00000 |    ---    | 
  ----------------------------------------- 
  |      C  |   No  | 0.00000 |   0.500   | 
  |     CH  |   No  | 0.00000 |   0.100   | 
  |    CH2  |   No  | 0.00000 |   0.180   | 
  |    CH3  |   No  | 0.00000 |    ---    | 
  |     C2  |   No  | 0.00000 |   0.490   | 
  |    C2H  |   No  | 0.00000 |   0.320   | 
  |   C2H2  |   No  | 0.00000 |   0.440   | 
  |     C3  |   No  | 0.00000 |    ---    | 
  |    C3H  |   No  | 0.00000 |    ---    | 
  ----------------------------------------- 
 
 Merge event number : 13
 ---------------------------------------------------
     H   +     H   ->    H2   with barrier :   0.800
     H   +     C   ->    CH   with barrier :   0.790
     H   +    CH   ->   CH2   with barrier :   0.650
     H   +   CH2   ->   CH3   with barrier :   0.680
     H   +   CH3   ->   CH4   with barrier :   0.690
     H   +    C2   ->   C2H   with barrier :   0.720
     H   +   C2H   ->  C2H2   with barrier :   0.850
     H   +    C3   ->   C3H   with barrier :   0.570
     C   +     C   ->    C2   with barrier :   0.250
     C   +    CH   ->   C2H   with barrier :   1.270
     C   +    C2   ->    C3   with barrier :   1.140
    CH   +    CH   ->  C2H2   with barrier :   0.140
    CH   +    C2   ->   C3H   with barrier :   0.930
 ---------------------------------------------------
 
 Decomposition event number : 11
 ---------------------------------------------------
    CH   ->     C   +     H   with barrier :   1.650
   CH2   ->    CH   +     H   with barrier :   1.130
   CH3   ->   CH2   +     H   with barrier :   1.530
    C2   ->     C   +     C   with barrier :   2.750
   C2H   ->    C2   +     H   with barrier :   1.380
   C2H   ->     C   +    CH   with barrier :   2.950
  C2H2   ->   C2H   +     H   with barrier :   1.640
  C2H2   ->    CH   +    CH   with barrier :   2.280
    C3   ->    C2   +     C   with barrier :   2.320
   C3H   ->    C2   +    CH   with barrier :   1.920
   C3H   ->    C3   +     H   with barrier :   1.660
 ---------------------------------------------------
 
 Desorption event number : 1
 ---------------------------------------------------
  C2H2 desorption with barrier :   1.830
 ---------------------------------------------------
 
 ======================================================================
 
     -------------------------------------------------------------
     istep   ProbSum    GasProb    SpecProb  MSpecProb MMMergeProb
     -------------------------------------------------------------
         0  0.123E+08  0.123E+08  0.000E+00  0.000E+00  0.000E+00
1000000000  0.673E+14  0.123E+08  0.673E+14  0.000E+00  0.145E+08
2000000000  0.128E+15  0.123E+08  0.128E+15  0.000E+00  0.180E+08
3000000000  0.155E+15  0.123E+08  0.155E+15  0.000E+00  0.104E+08
4000000000  0.186E+15  0.123E+08  0.186E+15  0.000E+00  0.310E+08
5000000000  0.210E+15  0.123E+08  0.210E+15  0.000E+00  0.434E+08
6000000000  0.187E+15  0.123E+08  0.187E+15  0.000E+00  0.193E+08
7000000000  0.221E+15  0.123E+08  0.221E+15  0.000E+00  0.145E+08
8000000000  0.212E+15  0.123E+08  0.212E+15  0.000E+00  0.220E+08
9000000000  0.233E+15  0.123E+08  0.233E+15  0.000E+00  0.378E+08
**********  0.279E+15  0.123E+08  0.279E+15  0.000E+00  0.180E+08
**********  0.279E+15  0.123E+08  0.279E+15  0.000E+00  0.180E+08
     -------------------------------------------------------------
 
 ======================================================================
                     Program finished successfully                     
                    Start at:  2020-02-29  00:15:17                    
                    End   at:  2020-02-29  02:15:20                    
 ======================================================================
 
